
SQL*Loader: Release 11.2.0.1.0 - Production on Mon Jun 25 15:24:13 2012

Copyright (c) 1982, 2009, Oracle and/or its affiliates.  All rights reserved.

Control File:   E:\Inetpub\wwwroot\cfdocs\grantee_prod\jfas\extensions\scheduledevents\includes_ncfms\loadncfms.ctl
Data File:      E:\Inetpub\wwwroot\cfdocs\grantee_prod\jfas\extensions\scheduledevents\includes_ncfms\ncfms.txt
  Bad File:     E:\Inetpub\wwwroot\cfdocs\grantee_prod\jfas\extensions\scheduledevents\includes_ncfms\loadncfms.bad
  Discard File:  none specified
 
 (Allow all discards)

Number to load: ALL
Number to skip: 0
Errors allowed: 50
Bind array:     64 rows, maximum of 256000 bytes
Continuation:    none specified
Path used:      Conventional

Table FOOTPRINT_XACTN_NCFMS_LOAD, loaded from every logical record.
Insert option in effect for this table: TRUNCATE
TRAILING NULLCOLS option in effect

   Column Name                  Position   Len  Term Encl Datatype
------------------------------ ---------- ----- ---- ---- ---------------------
AGENCY_CODE                         FIRST     *   |  O(") CHARACTER            
DOC_TYPE                             NEXT     *   |  O(") CHARACTER            
FY                                   NEXT     *   |  O(") CHARACTER            
DOC_NUM                              NEXT     *   |  O(") CHARACTER            
AMEND_NUM                            NEXT     *   |  O(") CHARACTER            
ACCOUNT_ID                           NEXT     *   |  O(") CHARACTER            
AGENCY_ID                            NEXT     *   |  O(") CHARACTER            
BUDGET_YR                            NEXT     *   |  O(") CHARACTER            
APPROP_CODE                          NEXT     *   |  O(") CHARACTER            
PROG_PROJ                            NEXT     *   |  O(") CHARACTER            
ACTIVITY                             NEXT     *   |  O(") CHARACTER            
SUB_ACTIVITY                         NEXT     *   |  O(") CHARACTER            
FUNDING_ORG                          NEXT     *   |  O(") CHARACTER            
MANAGING_UNIT                        NEXT     *   |  O(") CHARACTER            
BENEFIT_UNIT_CODE                    NEXT     *   |  O(") CHARACTER            
OBJ_CLASS_CODE                       NEXT     *   |  O(") CHARACTER            
PROJ_NUM                             NEXT     *   |  O(") CHARACTER            
TASK_NUM                             NEXT     *   |  O(") CHARACTER            
REIMB_AGREE_NUM_CODE                 NEXT     *   |  O(") CHARACTER            
CREATION_DATE                        NEXT     *   |  O(") CHARACTER            
EFFECTIVE_DATE                       NEXT     *   |  O(") CHARACTER            
PERIOD_NAME                          NEXT     *   |  O(") CHARACTER            
VENDOR_NAME                          NEXT     *   |  O(") CHARACTER            
VENDOR_TIN                           NEXT     *   |  O(") CHARACTER            
VENDOR_DUNS                          NEXT     *   |  O(") CHARACTER            
VENDOR_STATE                         NEXT     *   |  O(") CHARACTER            
INVOICE_NUM                          NEXT     *   |  O(") CHARACTER            
FUNDING                              NEXT     *   |  O(") CHARACTER            
COMMITMENT                           NEXT     *   |  O(") CHARACTER            
UNDELIVERED_ORDER                    NEXT     *   |  O(") CHARACTER            
ACCRUAL                              NEXT     *   |  O(") CHARACTER            
ADVANCE                              NEXT     *   |  O(") CHARACTER            
UNPAID_EXP                           NEXT     *   |  O(") CHARACTER            
PAID_EXP                             NEXT     *   |  O(") CHARACTER            

value used for ROWS parameter changed from 64 to 29

Table FOOTPRINT_XACTN_NCFMS_LOAD:
  1006 Rows successfully loaded.
  0 Rows not loaded due to data errors.
  0 Rows not loaded because all WHEN clauses were failed.
  0 Rows not loaded because all fields were null.


Space allocated for bind array:                 254388 bytes(29 rows)
Read   buffer bytes: 1048576

Total logical records skipped:          0
Total logical records read:          1006
Total logical records rejected:         0
Total logical records discarded:        0

Run began on Mon Jun 25 15:24:13 2012
Run ended on Mon Jun 25 15:24:14 2012

Elapsed time was:     00:00:00.62
CPU time was:         00:00:00.13
